<?xml version="1.0" encoding="UTF-8"?>
<!-- Generated by org.testng.reporters.JUnitXMLReporter -->
<testsuite ignored="0" hostname="DELL" failures="0" tests="0" name="Apostles" time="0.193" errors="0" timestamp="2019-11-27T01:25:18 IST">
  <testcase classname="uiFunctionalTests.BaseTest" name="@BeforeClass essentialsForTest" time="0.006">
    <failure type="java.lang.IllegalStateException" message="The path to the driver executable must be set by the webdriver.chrome.driver system property; for more information, see https://github.com/SeleniumHQ/selenium/wiki/ChromeDriver. The latest version can be downloaded from http://chromedriver.storage.googleapis.com/index.html">
      <![CDATA[java.lang.IllegalStateException: The path to the driver executable must be set by the webdriver.chrome.driver system property; for more information, see https://github.com/SeleniumHQ/selenium/wiki/ChromeDriver. The latest version can be downloaded from http://chromedriver.storage.googleapis.com/index.html
at com.google.common.base.Preconditions.checkState(Preconditions.java:847)
at org.openqa.selenium.remote.service.DriverService.findExecutable(DriverService.java:134)
at org.openqa.selenium.chrome.ChromeDriverService.access$000(ChromeDriverService.java:35)
at org.openqa.selenium.chrome.ChromeDriverService$Builder.findDefaultExecutable(ChromeDriverService.java:159)
at org.openqa.selenium.remote.service.DriverService$Builder.build(DriverService.java:355)
at org.openqa.selenium.chrome.ChromeDriverService.createDefaultService(ChromeDriverService.java:94)
at org.openqa.selenium.chrome.ChromeDriver.<init>(ChromeDriver.java:123)
at uiFunctionalTests.BaseTest.essentialsForTest(BaseTest.java:120)
at java.base/java.util.concurrent.ThreadPoolExecutor.runWorker(ThreadPoolExecutor.java:1128)
at java.base/java.util.concurrent.ThreadPoolExecutor$Worker.run(ThreadPoolExecutor.java:628)
at java.base/java.lang.Thread.run(Thread.java:830)
... Removed 10 stack frames]]>
    </failure>
  </testcase> <!-- @BeforeClass essentialsForTest -->
  <testcase classname="uiFunctionalTests.BaseTest" name="@BeforeMethod initializeExtent" time="-1.574798118266E9">
    <skipped/>
  </testcase> <!-- @BeforeMethod initializeExtent -->
  <testcase classname="uiFunctionalTests.BaseTest" name="@AfterClass assertLastRunTest" time="-1.574798118285E9">
    <skipped/>
  </testcase> <!-- @AfterClass assertLastRunTest -->
</testsuite> <!-- Apostles -->
