<?xml version="1.0" encoding="UTF-8"?>
<!-- Generated by org.testng.reporters.JUnitXMLReporter -->
<testsuite ignored="2" hostname="DELL" failures="1" tests="3" name="Basic Interactions" time="197.98" errors="0" timestamp="2019-11-27T01:30:31 IST">
  <testcase classname="uiFunctionalTests.Test_BasicInteractions" name="verifyLiviHealth" time="34.526"/>
  <testcase classname="uiFunctionalTests.Test_BasicInteractions" name="verifyLiviHealth" time="34.792"/>
  <testcase classname="uiFunctionalTests.Test_Apostles" name="verifyApostleSelection" time="85.124">
    <failure type="java.lang.AssertionError" message="The following asserts failed:
	There is no Link associated  with Apostle JAMES. Some issue here did not expect to find [true] but found [false]">
      <![CDATA[java.lang.AssertionError: The following asserts failed:
There is no Link associated  with Apostle JAMES. Some issue here did not expect to find [true] but found [false]
at uiFunctionalTests.Test_Apostles.verifyApostleSelection(Test_Apostles.java:37)
at java.base/java.util.ArrayList.forEach(ArrayList.java:1507)
... Removed 29 stack frames]]>
    </failure>
  </testcase> <!-- verifyApostleSelection -->
  <testcase classname="uiFunctionalTests.BaseTest" name="@BeforeTest setUp" time="0.0">
    <ignored/>
  </testcase> <!-- @BeforeTest setUp -->
  <testcase classname="uiFunctionalTests.BaseTest" name="@AfterSuite tearDown" time="0.0">
    <ignored/>
  </testcase> <!-- @AfterSuite tearDown -->
</testsuite> <!-- Basic Interactions -->
