<?xml version="1.0" encoding="UTF-8"?>
<!-- Generated by org.testng.reporters.JUnitXMLReporter -->
<testsuite ignored="4" hostname="DELL" failures="2" tests="7" name="Test 1" time="227.541" errors="0" timestamp="2019-12-10T15:02:07 IST">
  <testcase classname="uiFunctionalTests.Test_MainMenu" name="verifyMainMenu" time="12.109"/>
  <testcase classname="uiFunctionalTests.Test_BasicInteractions" name="interactWithLivi" time="20.593"/>
  <testcase classname="uiFunctionalTests.Test_BasicInteractions" name="interactWithLivi" time="20.636"/>
  <testcase classname="uiFunctionalTests.Test_Country" name="verifyCountrySelection" time="48.277"/>
  <testcase classname="uiFunctionalTests.Test_Apostles" name="verifyApostleSelection" time="62.826">
    <failure type="java.lang.AssertionError" message="The following asserts failed:
	There is no Link associated with Apostle JAMES. Some issue here expected [true] but found [false]">
      <![CDATA[java.lang.AssertionError: The following asserts failed:
There is no Link associated with Apostle JAMES. Some issue here expected [true] but found [false]
at uiFunctionalTests.Test_Apostles.verifyApostleSelection(Test_Apostles.java:40)
at java.base/java.util.ArrayList.forEach(ArrayList.java:1507)
at java.base/java.util.concurrent.FutureTask.run(FutureTask.java:264)
at java.base/java.util.concurrent.ThreadPoolExecutor.runWorker(ThreadPoolExecutor.java:1128)
at java.base/java.util.concurrent.ThreadPoolExecutor$Worker.run(ThreadPoolExecutor.java:628)
at java.base/java.lang.Thread.run(Thread.java:830)
... Removed 20 stack frames]]>
    </failure>
  </testcase> <!-- verifyApostleSelection -->
  <testcase classname="uiFunctionalTests.Test_WebView" name="verifyButtonsAndLinksSelection" time="86.593">
    <failure type="java.lang.AssertionError" message="The following asserts failed:
	The following links  [Location]didn&amp;apos;t open successfully. Some issue here did not expect to find [true] but found [false]">
      <![CDATA[java.lang.AssertionError: The following asserts failed:
The following links  [Location]didn't open successfully. Some issue here did not expect to find [true] but found [false]
at uiFunctionalTests.Test_WebView.verifyButtonsAndLinksSelection(Test_WebView.java:54)
at java.base/java.util.ArrayList.forEach(ArrayList.java:1507)
at java.base/java.util.concurrent.FutureTask.run(FutureTask.java:264)
at java.base/java.util.concurrent.ThreadPoolExecutor.runWorker(ThreadPoolExecutor.java:1128)
at java.base/java.util.concurrent.ThreadPoolExecutor$Worker.run(ThreadPoolExecutor.java:628)
at java.base/java.lang.Thread.run(Thread.java:830)
... Removed 20 stack frames]]>
    </failure>
  </testcase> <!-- verifyButtonsAndLinksSelection -->
  <testcase classname="uiFunctionalTests.Test_InfoForm" name="verifyInfoFormSubmission" time="78.985"/>
  <testcase classname="uiFunctionalTests.BaseTest" name="@BeforeTest setUp" time="0.0">
    <ignored/>
  </testcase> <!-- @BeforeTest setUp -->
  <testcase classname="uiFunctionalTests.BaseTest" name="@BeforeTest setUp" time="0.0">
    <ignored/>
  </testcase> <!-- @BeforeTest setUp -->
  <testcase classname="uiFunctionalTests.BaseTest" name="@AfterTest tearDown" time="0.0">
    <ignored/>
  </testcase> <!-- @AfterTest tearDown -->
  <testcase classname="uiFunctionalTests.BaseTest" name="@AfterTest tearDown" time="0.0">
    <ignored/>
  </testcase> <!-- @AfterTest tearDown -->
</testsuite> <!-- Test 1 -->
