<?xml version="1.0" encoding="UTF-8"?>
<testng-results ignored="0" total="1" passed="0" failed="1" skipped="0">
  <reporter-output>
  </reporter-output>
  <suite started-at="2019-11-27T01:57:02 IST" name="Livi Automation Suite" finished-at="2019-11-27T02:00:07 IST" duration-ms="185044">
    <groups>
    </groups>
    <test started-at="2019-11-27T01:57:02 IST" name="Basic Interactions" finished-at="2019-11-27T02:00:07 IST" duration-ms="185044">
      <class name="uiFunctionalTests.Test_WebView">
        <test-method is-config="true" signature="setUp(org.testng.ITestContext)[pri:0, instance:uiFunctionalTests.Test_WebView@65b104b9]" started-at="2019-11-27T01:57:02 IST" name="setUp" finished-at="2019-11-27T01:57:22 IST" duration-ms="20567" status="PASS">
          <params>
            <param index="0">
              <value>
                <![CDATA[org.testng.TestRunner@550e9be6]]>
              </value>
            </param>
          </params>
          <reporter-output>
          </reporter-output>
        </test-method> <!-- setUp -->
        <test-method is-config="true" signature="essentialsForTest()[pri:0, instance:uiFunctionalTests.Test_WebView@65b104b9]" started-at="2019-11-27T01:57:22 IST" name="essentialsForTest" finished-at="2019-11-27T01:57:49 IST" duration-ms="26594" status="PASS">
          <reporter-output>
          </reporter-output>
        </test-method> <!-- essentialsForTest -->
        <test-method is-config="true" signature="initializeExtent(java.lang.reflect.Method)[pri:0, instance:uiFunctionalTests.Test_WebView@65b104b9]" started-at="2019-11-27T01:57:52 IST" name="initializeExtent" finished-at="2019-11-27T01:57:52 IST" duration-ms="30" status="PASS">
          <params>
            <param index="0">
              <value>
                <![CDATA[public void uiFunctionalTests.Test_WebView.verifyButtonsAndLinksSelection(java.lang.String) throws java.lang.InterruptedException]]>
              </value>
            </param>
          </params>
          <reporter-output>
          </reporter-output>
        </test-method> <!-- initializeExtent -->
        <test-method signature="verifyButtonsAndLinksSelection(java.lang.String)[pri:6, instance:uiFunctionalTests.Test_WebView@65b104b9]" started-at="2019-11-27T01:57:52 IST" name="verifyButtonsAndLinksSelection" data-provider="links" finished-at="2019-11-27T02:00:04 IST" duration-ms="132266" status="FAIL">
          <params>
            <param index="0">
              <value>
                <![CDATA[Avaamo,Call,Location]]>
              </value>
            </param>
          </params>
          <exception class="org.openqa.selenium.TimeoutException">
            <message>
              <![CDATA[Expected condition failed: waiting for alert to be present (tried for 15 second(s) with 500 milliseconds interval)
Build info: version: '3.141.59', revision: 'e82be7d358', time: '2018-11-14T08:17:03'
System info: host: 'DELL', ip: '192.168.1.3', os.name: 'Windows 8.1', os.arch: 'amd64', os.version: '6.3', java.version: '13'
Driver info: org.openqa.selenium.firefox.FirefoxDriver
Capabilities {acceptInsecureCerts: true, browserName: firefox, browserVersion: 70.0.1, javascriptEnabled: true, moz:accessibilityChecks: false, moz:buildID: 20191030021342, moz:geckodriverVersion: 0.25.0, moz:headless: false, moz:processID: 17492, moz:profile: C:\Users\Sriparna\AppData\L..., moz:shutdownTimeout: 60000, moz:useNonSpecCompliantPointerOrigin: false, moz:webdriverClick: true, pageLoadStrategy: normal, platform: WINDOWS, platformName: WINDOWS, platformVersion: 6.3, rotatable: false, setWindowRect: true, strictFileInteractability: false, timeouts: {implicit: 0, pageLoad: 300000, script: 30000}, unhandledPromptBehavior: dismiss and notify}
Session ID: 3ab62482-c20f-4dcb-86dd-61893cfff5da]]>
            </message>
            <full-stacktrace>
              <![CDATA[org.openqa.selenium.TimeoutException: Expected condition failed: waiting for alert to be present (tried for 15 second(s) with 500 milliseconds interval)
Build info: version: '3.141.59', revision: 'e82be7d358', time: '2018-11-14T08:17:03'
System info: host: 'DELL', ip: '192.168.1.3', os.name: 'Windows 8.1', os.arch: 'amd64', os.version: '6.3', java.version: '13'
Driver info: org.openqa.selenium.firefox.FirefoxDriver
Capabilities {acceptInsecureCerts: true, browserName: firefox, browserVersion: 70.0.1, javascriptEnabled: true, moz:accessibilityChecks: false, moz:buildID: 20191030021342, moz:geckodriverVersion: 0.25.0, moz:headless: false, moz:processID: 17492, moz:profile: C:\Users\Sriparna\AppData\L..., moz:shutdownTimeout: 60000, moz:useNonSpecCompliantPointerOrigin: false, moz:webdriverClick: true, pageLoadStrategy: normal, platform: WINDOWS, platformName: WINDOWS, platformVersion: 6.3, rotatable: false, setWindowRect: true, strictFileInteractability: false, timeouts: {implicit: 0, pageLoad: 300000, script: 30000}, unhandledPromptBehavior: dismiss and notify}
Session ID: 3ab62482-c20f-4dcb-86dd-61893cfff5da
at org.openqa.selenium.support.ui.WebDriverWait.timeoutException(WebDriverWait.java:95)
at org.openqa.selenium.support.ui.FluentWait.until(FluentWait.java:272)
at pageObjects.LiviInteractions.ifAlertPresentAccept(LiviInteractions.java:567)
at pageObjects.LiviInteractions.shareLocation(LiviInteractions.java:539)
at pageObjects.LiviInteractions.lambda$openWebViewLinks$1(LiviInteractions.java:482)
at java.base/java.util.Iterator.forEachRemaining(Iterator.java:133)
at java.base/java.util.Spliterators$IteratorSpliterator.forEachRemaining(Spliterators.java:1801)
at java.base/java.util.stream.ReferencePipeline$Head.forEach(ReferencePipeline.java:658)
at pageObjects.LiviInteractions.openWebViewLinks(LiviInteractions.java:425)
at uiFunctionalTests.Test_WebView.verifyButtonsAndLinksSelection(Test_WebView.java:44)
at java.base/jdk.internal.reflect.NativeMethodAccessorImpl.invoke0(Native Method)
at java.base/jdk.internal.reflect.NativeMethodAccessorImpl.invoke(NativeMethodAccessorImpl.java:62)
at java.base/jdk.internal.reflect.DelegatingMethodAccessorImpl.invoke(DelegatingMethodAccessorImpl.java:43)
at java.base/java.lang.reflect.Method.invoke(Method.java:567)
at org.testng.internal.MethodInvocationHelper.invokeMethod(MethodInvocationHelper.java:133)
at org.testng.internal.TestInvoker.invokeMethod(TestInvoker.java:584)
at org.testng.internal.TestInvoker.invokeTestMethod(TestInvoker.java:172)
at org.testng.internal.MethodRunner.runInSequence(MethodRunner.java:46)
at org.testng.internal.TestInvoker$MethodInvocationAgent.invoke(TestInvoker.java:804)
at org.testng.internal.TestInvoker.invokeTestMethods(TestInvoker.java:145)
at org.testng.internal.TestMethodWorker.invokeTestMethods(TestMethodWorker.java:146)
at org.testng.internal.TestMethodWorker.run(TestMethodWorker.java:128)
at java.base/java.util.ArrayList.forEach(ArrayList.java:1507)
at org.testng.TestRunner.privateRun(TestRunner.java:770)
at org.testng.TestRunner.run(TestRunner.java:591)
at org.testng.SuiteRunner.runTest(SuiteRunner.java:402)
at org.testng.SuiteRunner.runSequentially(SuiteRunner.java:396)
at org.testng.SuiteRunner.privateRun(SuiteRunner.java:355)
at org.testng.SuiteRunner.run(SuiteRunner.java:304)
at org.testng.SuiteRunnerWorker.runSuite(SuiteRunnerWorker.java:53)
at org.testng.SuiteRunnerWorker.run(SuiteRunnerWorker.java:96)
at org.testng.TestNG.runSuitesSequentially(TestNG.java:1180)
at org.testng.TestNG.runSuitesLocally(TestNG.java:1102)
at org.testng.TestNG.runSuites(TestNG.java:1032)
at org.testng.TestNG.run(TestNG.java:1000)
at org.apache.maven.surefire.testng.TestNGExecutor.run(TestNGExecutor.java:283)
at org.apache.maven.surefire.testng.TestNGXmlTestSuite.execute(TestNGXmlTestSuite.java:75)
at org.apache.maven.surefire.testng.TestNGProvider.invoke(TestNGProvider.java:120)
at org.apache.maven.surefire.booter.ForkedBooter.invokeProviderInSameClassLoader(ForkedBooter.java:384)
at org.apache.maven.surefire.booter.ForkedBooter.runSuitesInProcess(ForkedBooter.java:345)
at org.apache.maven.surefire.booter.ForkedBooter.execute(ForkedBooter.java:126)
at org.apache.maven.surefire.booter.ForkedBooter.main(ForkedBooter.java:418)
]]>
            </full-stacktrace>
          </exception> <!-- org.openqa.selenium.TimeoutException -->
          <reporter-output>
          </reporter-output>
        </test-method> <!-- verifyButtonsAndLinksSelection -->
        <test-method is-config="true" signature="endExtent(org.testng.ITestResult)[pri:0, instance:uiFunctionalTests.Test_WebView@65b104b9]" started-at="2019-11-27T02:00:06 IST" name="endExtent" finished-at="2019-11-27T02:00:07 IST" duration-ms="739" status="PASS">
          <params>
            <param index="0">
              <value>
                <![CDATA[[TestResult name=verifyButtonsAndLinksSelection status=FAILURE method=Test_WebView.verifyButtonsAndLinksSelection(java.lang.String)[pri:6, instance:uiFunctionalTests.Test_WebView@65b104b9] output={null}]]]>
              </value>
            </param>
          </params>
          <reporter-output>
          </reporter-output>
        </test-method> <!-- endExtent -->
        <test-method is-config="true" signature="assertLastRunTest()[pri:0, instance:uiFunctionalTests.Test_WebView@65b104b9]" started-at="2019-11-27T02:00:07 IST" name="assertLastRunTest" finished-at="2019-11-27T02:00:07 IST" duration-ms="232" status="PASS">
          <reporter-output>
          </reporter-output>
        </test-method> <!-- assertLastRunTest -->
        <test-method is-config="true" signature="tearDown()[pri:0, instance:uiFunctionalTests.Test_WebView@65b104b9]" started-at="2019-11-27T02:00:07 IST" name="tearDown" finished-at="2019-11-27T02:00:09 IST" duration-ms="2568" status="PASS">
          <reporter-output>
          </reporter-output>
        </test-method> <!-- tearDown -->
      </class> <!-- uiFunctionalTests.Test_WebView -->
    </test> <!-- Basic Interactions -->
  </suite> <!-- Livi Automation Suite -->
</testng-results>
