<?xml version="1.0" encoding="UTF-8"?>
<!-- Generated by org.testng.reporters.JUnitXMLReporter -->
<testsuite ignored="4" hostname="DELL" failures="1" tests="10" name="Test 1" time="310.781" errors="0" timestamp="2019-12-11T01:54:19 IST">
  <testcase classname="uiFunctionalTests.Test_MainMenu" name="verifyMainMenu" time="21.013"/>
  <testcase classname="uiFunctionalTests.Test_BasicInteractions" name="interactWithLivi" time="25.446"/>
  <testcase classname="uiFunctionalTests.Test_BasicInteractions" name="interactWithLivi" time="24.993"/>
  <testcase classname="uiFunctionalTests.Test_BasicInteractions" name="interactWithLivi" time="26.545"/>
  <testcase classname="uiFunctionalTests.Test_Country" name="verifyCountrySelection" time="74.139"/>
  <testcase classname="uiFunctionalTests.Test_BasicInteractions" name="interactWithLivi" time="26.273"/>
  <testcase classname="uiFunctionalTests.Test_BasicInteractions" name="interactWithLivi" time="26.896"/>
  <testcase classname="uiFunctionalTests.Test_WebView" name="verifyButtonsAndLinksSelection" time="89.611"/>
  <testcase classname="uiFunctionalTests.Test_Apostles" name="verifyApostleSelection" time="67.921">
    <failure type="java.lang.AssertionError" message="The following asserts failed:
	There is no Link associated with Apostle JAMES. Some issue here expected [true] but found [false]">
      <![CDATA[java.lang.AssertionError: The following asserts failed:
There is no Link associated with Apostle JAMES. Some issue here expected [true] but found [false]
at uiFunctionalTests.Test_Apostles.verifyApostleSelection(Test_Apostles.java:26)
at java.base/java.util.ArrayList.forEach(ArrayList.java:1507)
at java.base/java.util.concurrent.FutureTask.run(FutureTask.java:264)
at java.base/java.util.concurrent.ThreadPoolExecutor.runWorker(ThreadPoolExecutor.java:1128)
at java.base/java.util.concurrent.ThreadPoolExecutor$Worker.run(ThreadPoolExecutor.java:628)
at java.base/java.lang.Thread.run(Thread.java:830)
... Removed 20 stack frames]]>
    </failure>
  </testcase> <!-- verifyApostleSelection -->
  <testcase classname="uiFunctionalTests.Test_InfoForm" name="verifyInfoFormSubmission" time="76.5"/>
  <testcase classname="uiFunctionalTests.BaseTest" name="@BeforeTest setUp" time="0.0">
    <ignored/>
  </testcase> <!-- @BeforeTest setUp -->
  <testcase classname="uiFunctionalTests.BaseTest" name="@BeforeTest setUp" time="0.0">
    <ignored/>
  </testcase> <!-- @BeforeTest setUp -->
  <testcase classname="uiFunctionalTests.BaseTest" name="@AfterTest tearDown" time="0.0">
    <ignored/>
  </testcase> <!-- @AfterTest tearDown -->
  <testcase classname="uiFunctionalTests.BaseTest" name="@AfterTest tearDown" time="0.0">
    <ignored/>
  </testcase> <!-- @AfterTest tearDown -->
</testsuite> <!-- Test 1 -->
