<?xml version="1.0" encoding="UTF-8"?>
<testng-results ignored="2" total="5" passed="2" failed="1" skipped="0">
  <reporter-output>
  </reporter-output>
  <suite started-at="2019-11-27T01:27:13 IST" name="Livi Automation Suite" finished-at="2019-11-27T01:30:31 IST" duration-ms="197980">
    <groups>
      <group name="Sanity">
        <method signature="Test_BasicInteractions.verifyLiviHealth(java.lang.String)[pri:1, instance:uiFunctionalTests.Test_BasicInteractions@a87f8ec]" name="verifyLiviHealth" class="uiFunctionalTests.Test_BasicInteractions"/>
      </group> <!-- Sanity -->
    </groups>
    <test started-at="2019-11-27T01:27:13 IST" name="Basic Interactions" finished-at="2019-11-27T01:30:31 IST" duration-ms="197980">
      <class name="uiFunctionalTests.Test_BasicInteractions">
        <test-method is-config="true" signature="setUp(org.testng.ITestContext)[pri:0, instance:uiFunctionalTests.Test_BasicInteractions@a87f8ec]" started-at="2019-11-27T01:27:13 IST" name="setUp" finished-at="2019-11-27T01:27:24 IST" duration-ms="10430" status="PASS">
          <params>
            <param index="0">
              <value>
                <![CDATA[org.testng.TestRunner@3becc950]]>
              </value>
            </param>
          </params>
          <reporter-output>
          </reporter-output>
        </test-method> <!-- setUp -->
        <test-method is-config="true" signature="essentialsForTest()[pri:0, instance:uiFunctionalTests.Test_BasicInteractions@a87f8ec]" started-at="2019-11-27T01:27:24 IST" name="essentialsForTest" finished-at="2019-11-27T01:27:50 IST" duration-ms="26522" status="PASS">
          <reporter-output>
          </reporter-output>
        </test-method> <!-- essentialsForTest -->
        <test-method is-config="true" signature="initializeExtent(java.lang.reflect.Method)[pri:0, instance:uiFunctionalTests.Test_BasicInteractions@a87f8ec]" started-at="2019-11-27T01:27:51 IST" name="initializeExtent" finished-at="2019-11-27T01:27:51 IST" duration-ms="5" status="PASS">
          <params>
            <param index="0">
              <value>
                <![CDATA[public void uiFunctionalTests.Test_BasicInteractions.verifyLiviHealth(java.lang.String)]]>
              </value>
            </param>
          </params>
          <reporter-output>
          </reporter-output>
        </test-method> <!-- initializeExtent -->
        <test-method signature="verifyLiviHealth(java.lang.String)[pri:1, instance:uiFunctionalTests.Test_BasicInteractions@a87f8ec]" started-at="2019-11-27T01:27:51 IST" name="verifyLiviHealth" data-provider="messagesForLivi" finished-at="2019-11-27T01:28:26 IST" duration-ms="34526" status="PASS">
          <params>
            <param index="0">
              <value>
                <![CDATA[Hi Livi! How are you?]]>
              </value>
            </param>
          </params>
          <reporter-output>
          </reporter-output>
        </test-method> <!-- verifyLiviHealth -->
        <test-method is-config="true" signature="endExtent(org.testng.ITestResult)[pri:0, instance:uiFunctionalTests.Test_BasicInteractions@a87f8ec]" started-at="2019-11-27T01:28:27 IST" name="endExtent" finished-at="2019-11-27T01:28:28 IST" duration-ms="369" status="PASS">
          <params>
            <param index="0">
              <value>
                <![CDATA[[TestResult name=verifyLiviHealth status=SUCCESS method=Test_BasicInteractions.verifyLiviHealth(java.lang.String)[pri:1, instance:uiFunctionalTests.Test_BasicInteractions@a87f8ec] output={null}]]]>
              </value>
            </param>
          </params>
          <reporter-output>
          </reporter-output>
        </test-method> <!-- endExtent -->
        <test-method is-config="true" signature="initializeExtent(java.lang.reflect.Method)[pri:0, instance:uiFunctionalTests.Test_BasicInteractions@a87f8ec]" started-at="2019-11-27T01:28:28 IST" name="initializeExtent" finished-at="2019-11-27T01:28:28 IST" duration-ms="1" status="PASS">
          <params>
            <param index="0">
              <value>
                <![CDATA[public void uiFunctionalTests.Test_BasicInteractions.verifyLiviHealth(java.lang.String)]]>
              </value>
            </param>
          </params>
          <reporter-output>
          </reporter-output>
        </test-method> <!-- initializeExtent -->
        <test-method signature="verifyLiviHealth(java.lang.String)[pri:1, instance:uiFunctionalTests.Test_BasicInteractions@a87f8ec]" started-at="2019-11-27T01:28:28 IST" name="verifyLiviHealth" data-provider="messagesForLivi" finished-at="2019-11-27T01:29:02 IST" duration-ms="34792" status="PASS">
          <params>
            <param index="0">
              <value>
                <![CDATA[How's the weather ?]]>
              </value>
            </param>
          </params>
          <reporter-output>
          </reporter-output>
        </test-method> <!-- verifyLiviHealth -->
        <test-method is-config="true" signature="endExtent(org.testng.ITestResult)[pri:0, instance:uiFunctionalTests.Test_BasicInteractions@a87f8ec]" started-at="2019-11-27T01:29:03 IST" name="endExtent" finished-at="2019-11-27T01:29:03 IST" duration-ms="249" status="PASS">
          <params>
            <param index="0">
              <value>
                <![CDATA[[TestResult name=verifyLiviHealth status=SUCCESS method=Test_BasicInteractions.verifyLiviHealth(java.lang.String)[pri:1, instance:uiFunctionalTests.Test_BasicInteractions@a87f8ec] output={null}]]]>
              </value>
            </param>
          </params>
          <reporter-output>
          </reporter-output>
        </test-method> <!-- endExtent -->
        <test-method is-config="true" signature="assertLastRunTest()[pri:0, instance:uiFunctionalTests.Test_BasicInteractions@a87f8ec]" started-at="2019-11-27T01:29:03 IST" name="assertLastRunTest" finished-at="2019-11-27T01:29:03 IST" duration-ms="205" status="PASS">
          <reporter-output>
          </reporter-output>
        </test-method> <!-- assertLastRunTest -->
        <test-method is-config="true" signature="tearDown()[pri:0, instance:uiFunctionalTests.Test_BasicInteractions@a87f8ec]" started-at="2019-11-27T01:30:31 IST" name="tearDown" finished-at="2019-11-27T01:30:32 IST" duration-ms="792" status="PASS">
          <reporter-output>
          </reporter-output>
        </test-method> <!-- tearDown -->
      </class> <!-- uiFunctionalTests.Test_BasicInteractions -->
      <class name="uiFunctionalTests.Test_Apostles">
        <test-method is-config="true" signature="essentialsForTest()[pri:0, instance:uiFunctionalTests.Test_Apostles@5443d039]" started-at="2019-11-27T01:29:03 IST" name="essentialsForTest" finished-at="2019-11-27T01:29:03 IST" duration-ms="2" status="PASS">
          <reporter-output>
          </reporter-output>
        </test-method> <!-- essentialsForTest -->
        <test-method is-config="true" signature="initializeExtent(java.lang.reflect.Method)[pri:0, instance:uiFunctionalTests.Test_Apostles@5443d039]" started-at="2019-11-27T01:29:04 IST" name="initializeExtent" finished-at="2019-11-27T01:29:04 IST" duration-ms="1" status="PASS">
          <params>
            <param index="0">
              <value>
                <![CDATA[public void uiFunctionalTests.Test_Apostles.verifyApostleSelection(java.lang.String) throws java.lang.InterruptedException]]>
              </value>
            </param>
          </params>
          <reporter-output>
          </reporter-output>
        </test-method> <!-- initializeExtent -->
        <test-method signature="verifyApostleSelection(java.lang.String)[pri:5, instance:uiFunctionalTests.Test_Apostles@5443d039]" started-at="2019-11-27T01:29:04 IST" name="verifyApostleSelection" data-provider="apostles" finished-at="2019-11-27T01:30:29 IST" duration-ms="85124" status="FAIL">
          <params>
            <param index="0">
              <value>
                <![CDATA[James]]>
              </value>
            </param>
          </params>
          <exception class="java.lang.AssertionError">
            <message>
              <![CDATA[The following asserts failed:
There is no Link associated  with Apostle JAMES. Some issue here did not expect to find [true] but found [false]]]>
            </message>
            <full-stacktrace>
              <![CDATA[java.lang.AssertionError: The following asserts failed:
There is no Link associated  with Apostle JAMES. Some issue here did not expect to find [true] but found [false]
at org.testng.asserts.SoftAssert.assertAll(SoftAssert.java:47)
at org.testng.asserts.SoftAssert.assertAll(SoftAssert.java:31)
at uiFunctionalTests.Test_Apostles.verifyApostleSelection(Test_Apostles.java:37)
at java.base/jdk.internal.reflect.NativeMethodAccessorImpl.invoke0(Native Method)
at java.base/jdk.internal.reflect.NativeMethodAccessorImpl.invoke(NativeMethodAccessorImpl.java:62)
at java.base/jdk.internal.reflect.DelegatingMethodAccessorImpl.invoke(DelegatingMethodAccessorImpl.java:43)
at java.base/java.lang.reflect.Method.invoke(Method.java:567)
at org.testng.internal.MethodInvocationHelper.invokeMethod(MethodInvocationHelper.java:133)
at org.testng.internal.TestInvoker.invokeMethod(TestInvoker.java:584)
at org.testng.internal.TestInvoker.invokeTestMethod(TestInvoker.java:172)
at org.testng.internal.MethodRunner.runInSequence(MethodRunner.java:46)
at org.testng.internal.TestInvoker$MethodInvocationAgent.invoke(TestInvoker.java:804)
at org.testng.internal.TestInvoker.invokeTestMethods(TestInvoker.java:145)
at org.testng.internal.TestMethodWorker.invokeTestMethods(TestMethodWorker.java:146)
at org.testng.internal.TestMethodWorker.run(TestMethodWorker.java:128)
at java.base/java.util.ArrayList.forEach(ArrayList.java:1507)
at org.testng.TestRunner.privateRun(TestRunner.java:770)
at org.testng.TestRunner.run(TestRunner.java:591)
at org.testng.SuiteRunner.runTest(SuiteRunner.java:402)
at org.testng.SuiteRunner.runSequentially(SuiteRunner.java:396)
at org.testng.SuiteRunner.privateRun(SuiteRunner.java:355)
at org.testng.SuiteRunner.run(SuiteRunner.java:304)
at org.testng.SuiteRunnerWorker.runSuite(SuiteRunnerWorker.java:53)
at org.testng.SuiteRunnerWorker.run(SuiteRunnerWorker.java:96)
at org.testng.TestNG.runSuitesSequentially(TestNG.java:1180)
at org.testng.TestNG.runSuitesLocally(TestNG.java:1102)
at org.testng.TestNG.runSuites(TestNG.java:1032)
at org.testng.TestNG.run(TestNG.java:1000)
at org.testng.remote.AbstractRemoteTestNG.run(AbstractRemoteTestNG.java:115)
at org.testng.remote.RemoteTestNG.initAndRun(RemoteTestNG.java:251)
at org.testng.remote.RemoteTestNG.main(RemoteTestNG.java:77)
]]>
            </full-stacktrace>
          </exception> <!-- java.lang.AssertionError -->
          <reporter-output>
          </reporter-output>
        </test-method> <!-- verifyApostleSelection -->
        <test-method is-config="true" signature="endExtent(org.testng.ITestResult)[pri:0, instance:uiFunctionalTests.Test_Apostles@5443d039]" started-at="2019-11-27T01:30:30 IST" name="endExtent" finished-at="2019-11-27T01:30:31 IST" duration-ms="895" status="PASS">
          <params>
            <param index="0">
              <value>
                <![CDATA[[TestResult name=verifyApostleSelection status=FAILURE method=Test_Apostles.verifyApostleSelection(java.lang.String)[pri:5, instance:uiFunctionalTests.Test_Apostles@5443d039] output={null}]]]>
              </value>
            </param>
          </params>
          <reporter-output>
          </reporter-output>
        </test-method> <!-- endExtent -->
        <test-method is-config="true" signature="assertLastRunTest()[pri:0, instance:uiFunctionalTests.Test_Apostles@5443d039]" started-at="2019-11-27T01:30:31 IST" name="assertLastRunTest" finished-at="2019-11-27T01:30:31 IST" duration-ms="191" status="PASS">
          <reporter-output>
          </reporter-output>
        </test-method> <!-- assertLastRunTest -->
      </class> <!-- uiFunctionalTests.Test_Apostles -->
    </test> <!-- Basic Interactions -->
  </suite> <!-- Livi Automation Suite -->
</testng-results>
